<?xml version="1.0" encoding="UTF-8"?>
<!-- Generated by org.testng.reporters.JUnitXMLReporter -->
<testsuite ignored="0" hostname="HarshitaAsus" failures="0" tests="2" name="Submit order Test" time="11.05" errors="0" timestamp="2023-09-24T22:35:19 IST">
  <testcase classname="com.TestComponents.BaseTest" name="@AfterMethod teardown" time="0.284">
    <failure type="java.io.FileNotFoundException" message="C:\Users\akmac\eclipse-workspace\first\Reports\Screenshots\screenshot22:35:15_24_09_2023.png (The filename, directory name, or volume label syntax is incorrect)">
      <![CDATA[java.io.FileNotFoundException: C:\Users\akmac\eclipse-workspace\first\Reports\Screenshots\screenshot22:35:15_24_09_2023.png (The filename, directory name, or volume label syntax is incorrect)
at java.base/java.io.FileOutputStream.open0(Native Method)
at java.base/java.io.FileOutputStream.open(FileOutputStream.java:293)
at java.base/java.io.FileOutputStream.<init>(FileOutputStream.java:235)
at java.base/java.io.FileOutputStream.<init>(FileOutputStream.java:184)
at org.openqa.selenium.io.FileHandler.copyFile(FileHandler.java:131)
at org.openqa.selenium.io.FileHandler.copy(FileHandler.java:110)
at com.TestComponents.BaseTest.getScreenshot(BaseTest.java:57)
at com.TestComponents.BaseTest.teardown(BaseTest.java:75)
at java.base/java.util.ArrayList.forEach(ArrayList.java:1511)
... Removed 32 stack frames]]>
    </failure>
  </testcase> <!-- @AfterMethod teardown -->
  <testcase classname="com.TestComponents.BaseTest" name="@AfterMethod teardown" time="0.626">
    <failure type="java.io.FileNotFoundException" message="C:\Users\akmac\eclipse-workspace\first\Reports\Screenshots\screenshot22:35:19_24_09_2023.png (The filename, directory name, or volume label syntax is incorrect)">
      <![CDATA[java.io.FileNotFoundException: C:\Users\akmac\eclipse-workspace\first\Reports\Screenshots\screenshot22:35:19_24_09_2023.png (The filename, directory name, or volume label syntax is incorrect)
at java.base/java.io.FileOutputStream.open0(Native Method)
at java.base/java.io.FileOutputStream.open(FileOutputStream.java:293)
at java.base/java.io.FileOutputStream.<init>(FileOutputStream.java:235)
at java.base/java.io.FileOutputStream.<init>(FileOutputStream.java:184)
at org.openqa.selenium.io.FileHandler.copyFile(FileHandler.java:131)
at org.openqa.selenium.io.FileHandler.copy(FileHandler.java:110)
at com.TestComponents.BaseTest.getScreenshot(BaseTest.java:57)
at com.TestComponents.BaseTest.teardown(BaseTest.java:75)
at java.base/java.util.ArrayList.forEach(ArrayList.java:1511)
... Removed 32 stack frames]]>
    </failure>
  </testcase> <!-- @AfterMethod teardown -->
  <testcase classname="Frameworkstart.first.SubmitOrderTest" name="submitorder" time="2.935"/>
  <testcase classname="Frameworkstart.first.SubmitOrderTest" name="carttotalcheck" time="0.0">
    <skipped/>
  </testcase> <!-- carttotalcheck -->
</testsuite> <!-- Submit order Test -->
